c:\users\groob\source\repos\human-trails\bin\intermediates\x64\debug\vc143.pdb
c:\users\groob\source\repos\human-trails\bin\intermediates\x64\debug\vc143.idb
c:\users\groob\source\repos\human-trails\bin\intermediates\x64\debug\map.obj
c:\users\groob\source\repos\human-trails\bin\intermediates\x64\debug\main.obj
c:\users\groob\source\repos\human-trails\bin\intermediates\x64\debug\agent.obj
c:\users\groob\source\repos\human-trails\bin\intermediates\x64\debug\main1.obj
c:\users\groob\source\repos\human-trails\bin\intermediates\x64\debug\main2.obj
c:\users\groob\source\repos\human-trails\bin\x64\debug\human-trails.pdb
c:\users\groob\source\repos\human-trails\bin\intermediates\x64\debug\human-trails.vcxproj.filelistabsolute.txt
c:\users\groob\source\repos\human-trails\bin\intermediates\x64\debug\human-trails.tlog\cl.command.1.tlog
c:\users\groob\source\repos\human-trails\bin\intermediates\x64\debug\human-trails.tlog\cl.read.1.tlog
c:\users\groob\source\repos\human-trails\bin\intermediates\x64\debug\human-trails.tlog\cl.write.1.tlog
c:\users\groob\source\repos\human-trails\bin\intermediates\x64\debug\human-trails.tlog\link-cvtres.read.1.tlog
c:\users\groob\source\repos\human-trails\bin\intermediates\x64\debug\human-trails.tlog\link-cvtres.write.1.tlog
c:\users\groob\source\repos\human-trails\bin\intermediates\x64\debug\human-trails.tlog\link-rc.read.1.tlog
c:\users\groob\source\repos\human-trails\bin\intermediates\x64\debug\human-trails.tlog\link-rc.write.1.tlog
c:\users\groob\source\repos\human-trails\bin\intermediates\x64\debug\human-trails.tlog\link.command.1.tlog
c:\users\groob\source\repos\human-trails\bin\intermediates\x64\debug\human-trails.tlog\link.read.1.tlog
c:\users\groob\source\repos\human-trails\bin\intermediates\x64\debug\human-trails.tlog\link.read.2.tlog
c:\users\groob\source\repos\human-trails\bin\intermediates\x64\debug\human-trails.tlog\link.read.3.tlog
c:\users\groob\source\repos\human-trails\bin\intermediates\x64\debug\human-trails.tlog\link.write.1.tlog
