  agent.cpp
C:\Users\groob\source\repos\human-trails\human-trails\src\agent.cpp(12,72): warning C4244: 'argument': conversion from 'int' to 'float', possible loss of data
C:\Users\groob\source\repos\human-trails\human-trails\src\agent.cpp(12,24): warning C4244: 'argument': conversion from 'int' to 'float', possible loss of data
C:\Users\groob\source\repos\human-trails\human-trails\src\agent.cpp(22,72): warning C4244: 'argument': conversion from 'int' to 'float', possible loss of data
C:\Users\groob\source\repos\human-trails\human-trails\src\agent.cpp(22,24): warning C4244: 'argument': conversion from 'int' to 'float', possible loss of data
C:\Users\groob\source\repos\human-trails\human-trails\src\agent.cpp(50,36): warning C4244: '=': conversion from 'float' to 'int', possible loss of data
C:\Users\groob\source\repos\human-trails\human-trails\src\agent.cpp(51,36): warning C4244: '=': conversion from 'float' to 'int', possible loss of data
C:\Users\groob\source\repos\human-trails\human-trails\src\agent.cpp(64,19): warning C4244: 'return': conversion from 'double' to 'float', possible loss of data
C:\Users\groob\source\repos\human-trails\human-trails\src\agent.cpp(67,26): warning C4244: '=': conversion from 'double' to 'float', possible loss of data
C:\Users\groob\source\repos\human-trails\human-trails\src\agent.cpp(94,36): warning C4244: 'argument': conversion from 'double' to 'float', possible loss of data
C:\Users\groob\source\repos\human-trails\human-trails\src\agent.cpp(97,26): warning C4244: 'argument': conversion from 'double' to 'float', possible loss of data
C:\Users\groob\source\repos\human-trails\human-trails\src\agent.cpp(108,36): warning C4244: 'argument': conversion from 'double' to 'float', possible loss of data
C:\Users\groob\source\repos\human-trails\human-trails\src\agent.cpp(110,26): warning C4244: 'argument': conversion from 'double' to 'float', possible loss of data
C:\Users\groob\source\repos\human-trails\human-trails\src\agent.cpp(180,12): warning C4101: 'y': unreferenced local variable
C:\Users\groob\source\repos\human-trails\human-trails\src\agent.cpp(180,9): warning C4101: 'x': unreferenced local variable
  Generating code
  3 of 280 functions ( 1.1%) were compiled, the rest were copied from previous compilation.
    0 functions were new in current compilation
    0 functions had inline decision re-evaluated but remain unchanged
  Finished generating code
  human-trails.vcxproj -> C:\Users\groob\source\repos\human-trails\bin\x64\Release\human-trails.exe
